{
  "RSpec": {
    "coverage": {
      "/Users/mmargonari/RubymineProjects/rails_6_recorridas/RecorridasZOTPWeb/app/models/user.rb": {
        "lines": [
          1,
          1,
          1,
          1,
          null,
          null,
          1,
          null,
          null,
          1,
          null,
          1,
          1,
          1,
          1,
          1,
          null,
          1,
          null,
          1,
          null,
          null,
          null,
          null,
          null,
          null,
          null,
          null,
          1,
          0,
          null,
          null,
          0,
          null,
          null,
          null,
          0,
          0,
          null,
          null,
          null,
          null,
          0,
          null,
          0,
          null,
          0,
          null,
          0,
          null,
          null,
          null,
          1,
          6,
          null,
          null,
          1,
          0,
          null,
          null,
          10,
          null,
          1,
          6,
          null,
          null,
          1,
          0,
          0,
          null,
          null,
          1,
          257,
          241,
          null,
          null,
          null,
          1,
          9,
          null,
          null,
          null,
          null
        ]
      },
      "/Users/mmargonari/RubymineProjects/rails_6_recorridas/RecorridasZOTPWeb/app/models/application_record.rb": {
        "lines": [
          1,
          1,
          null
        ]
      },
      "/Users/mmargonari/RubymineProjects/rails_6_recorridas/RecorridasZOTPWeb/app/helpers/model_helper.rb": {
        "lines": [
          1,
          null,
          1,
          3,
          null,
          null,
          1,
          1,
          null,
          null,
          null
        ]
      },
      "/Users/mmargonari/RubymineProjects/rails_6_recorridas/RecorridasZOTPWeb/app/helpers/application_helper.rb": {
        "lines": [
          1,
          null,
          1,
          18,
          18,
          6,
          6,
          null,
          null,
          null,
          1,
          0,
          0,
          null,
          null,
          1,
          0,
          null,
          null,
          null
        ]
      },
      "/Users/mmargonari/RubymineProjects/rails_6_recorridas/RecorridasZOTPWeb/app/helpers/areas_helper.rb": {
        "lines": [
          1,
          null
        ]
      },
      "/Users/mmargonari/RubymineProjects/rails_6_recorridas/RecorridasZOTPWeb/app/helpers/auditoria_helper.rb": {
        "lines": [
          1,
          null
        ]
      },
      "/Users/mmargonari/RubymineProjects/rails_6_recorridas/RecorridasZOTPWeb/app/helpers/institucion_helper.rb": {
        "lines": [
          1,
          null
        ]
      },
      "/Users/mmargonari/RubymineProjects/rails_6_recorridas/RecorridasZOTPWeb/app/helpers/mapa_helper.rb": {
        "lines": [
          1,
          null
        ]
      },
      "/Users/mmargonari/RubymineProjects/rails_6_recorridas/RecorridasZOTPWeb/app/helpers/notificaciones_helper.rb": {
        "lines": [
          1,
          null
        ]
      },
      "/Users/mmargonari/RubymineProjects/rails_6_recorridas/RecorridasZOTPWeb/app/helpers/pedidos_helper.rb": {
        "lines": [
          1,
          null
        ]
      },
      "/Users/mmargonari/RubymineProjects/rails_6_recorridas/RecorridasZOTPWeb/app/helpers/people_helper.rb": {
        "lines": [
          1,
          null
        ]
      },
      "/Users/mmargonari/RubymineProjects/rails_6_recorridas/RecorridasZOTPWeb/app/helpers/users_helper.rb": {
        "lines": [
          1,
          null
        ]
      },
      "/Users/mmargonari/RubymineProjects/rails_6_recorridas/RecorridasZOTPWeb/app/helpers/visits_helper.rb": {
        "lines": [
          1,
          null
        ]
      },
      "/Users/mmargonari/RubymineProjects/rails_6_recorridas/RecorridasZOTPWeb/app/helpers/zones_helper.rb": {
        "lines": [
          1,
          null
        ]
      },
      "/Users/mmargonari/RubymineProjects/rails_6_recorridas/RecorridasZOTPWeb/app/models/person.rb": {
        "lines": [
          1,
          1,
          1,
          null,
          1,
          null,
          1,
          null,
          1,
          1,
          1,
          null,
          1,
          1,
          1,
          1,
          150,
          7,
          1,
          1,
          null,
          1,
          null,
          1,
          null,
          null,
          null,
          null,
          null,
          null,
          null,
          null,
          null,
          null,
          null,
          1,
          0,
          null,
          null,
          1,
          null,
          1,
          107,
          null,
          null,
          1,
          0,
          null,
          null,
          0,
          null,
          null,
          null,
          0,
          0,
          null,
          null,
          null,
          null,
          0,
          0,
          null,
          0,
          null,
          0,
          null,
          null,
          null,
          1,
          0,
          null,
          null,
          1,
          0,
          null,
          null,
          1,
          0,
          null,
          null,
          1,
          0,
          null,
          null,
          1,
          2,
          1,
          null,
          null,
          60,
          null,
          1,
          0,
          0,
          null,
          null,
          1,
          12,
          null,
          null,
          null
        ]
      },
      "/Users/mmargonari/RubymineProjects/rails_6_recorridas/RecorridasZOTPWeb/app/models/state.rb": {
        "lines": [
          1,
          null
        ]
      },
      "/Users/mmargonari/RubymineProjects/rails_6_recorridas/RecorridasZOTPWeb/app/models/area.rb": {
        "lines": [
          1,
          1,
          1,
          null,
          null,
          1,
          1,
          null,
          1,
          1,
          null,
          1,
          null,
          null,
          null,
          null,
          null,
          1,
          0,
          null,
          null,
          0,
          null,
          null,
          null,
          0,
          0,
          null,
          null,
          null,
          null,
          0,
          null,
          0,
          null,
          0,
          null,
          0,
          null,
          null,
          null,
          1,
          398,
          null,
          null,
          210,
          null,
          1,
          9,
          null,
          null,
          null
        ]
      },
      "/Users/mmargonari/RubymineProjects/rails_6_recorridas/RecorridasZOTPWeb/app/models/zone.rb": {
        "lines": [
          1,
          1,
          1,
          1,
          null,
          1,
          null,
          null,
          1,
          null,
          1,
          null,
          null,
          null,
          null,
          null,
          null,
          1,
          0,
          null,
          null,
          0,
          null,
          null,
          null,
          0,
          0,
          null,
          null,
          null,
          null,
          0,
          null,
          0,
          null,
          0,
          null,
          0,
          null,
          null,
          null,
          1,
          0,
          null,
          null,
          1,
          424,
          null,
          null,
          1,
          18,
          18,
          12,
          null,
          18,
          null,
          null,
          130,
          null,
          1,
          9,
          null,
          null,
          null
        ]
      },
      "/Users/mmargonari/RubymineProjects/rails_6_recorridas/RecorridasZOTPWeb/app/models/notificacion_tipo.rb": {
        "lines": [
          1,
          null,
          1,
          1,
          1,
          1,
          null,
          1,
          0,
          null,
          null,
          1,
          null,
          null
        ]
      },
      "/Users/mmargonari/RubymineProjects/rails_6_recorridas/RecorridasZOTPWeb/app/models/frecuencia_tipo.rb": {
        "lines": [
          1,
          1,
          1,
          1,
          1,
          null
        ]
      },
      "/Users/mmargonari/RubymineProjects/rails_6_recorridas/RecorridasZOTPWeb/app/models/rol.rb": {
        "lines": [
          1,
          null,
          1,
          1,
          1,
          1,
          1,
          null,
          1,
          1,
          null,
          1,
          null
        ]
      },
      "/Users/mmargonari/RubymineProjects/rails_6_recorridas/RecorridasZOTPWeb/app/models/jornada.rb": {
        "lines": [
          1,
          1,
          null
        ]
      },
      "/Users/mmargonari/RubymineProjects/rails_6_recorridas/RecorridasZOTPWeb/app/models/departamento.rb": {
        "lines": [
          1,
          1,
          1,
          null,
          85,
          null,
          1,
          752,
          null,
          null,
          1,
          3,
          null,
          null
        ]
      },
      "/Users/mmargonari/RubymineProjects/rails_6_recorridas/RecorridasZOTPWeb/app/models/institucion_tipo.rb": {
        "lines": [
          1,
          null
        ]
      },
      "/Users/mmargonari/RubymineProjects/rails_6_recorridas/RecorridasZOTPWeb/app/models/institucion.rb": {
        "lines": [
          1,
          1,
          1,
          1,
          1,
          1,
          null,
          1,
          null,
          null,
          null,
          null,
          null,
          1,
          0,
          null,
          null,
          0,
          null,
          null,
          null,
          0,
          0,
          null,
          null,
          null,
          null,
          0,
          0,
          null,
          0,
          null,
          0,
          null,
          null,
          null,
          18,
          null,
          1,
          6,
          null,
          null,
          null
        ]
      },
      "/Users/mmargonari/RubymineProjects/rails_6_recorridas/RecorridasZOTPWeb/app/models/visit.rb": {
        "lines": [
          1,
          null,
          1,
          1,
          null,
          1,
          1,
          null,
          null,
          1,
          1,
          null,
          1,
          57,
          0,
          null,
          null,
          null,
          1,
          null,
          1,
          null,
          null,
          null,
          null,
          null,
          null,
          null,
          null,
          null,
          null,
          null,
          null,
          1,
          0,
          null,
          null,
          0,
          null,
          null,
          null,
          0,
          0,
          null,
          null,
          null,
          null,
          0,
          null,
          0,
          null,
          0,
          null,
          0,
          null,
          null,
          null,
          1,
          0,
          null,
          null,
          1,
          0,
          null,
          null,
          1,
          10,
          null,
          null,
          1,
          0,
          null,
          null,
          1,
          0,
          0,
          null,
          null,
          null,
          29,
          null,
          1,
          0,
          0,
          null,
          null,
          null,
          1,
          0,
          0,
          null,
          0,
          null,
          null,
          null,
          1,
          15,
          null,
          null,
          null
        ]
      },
      "/Users/mmargonari/RubymineProjects/rails_6_recorridas/RecorridasZOTPWeb/app/models/pedido.rb": {
        "lines": [
          1,
          1,
          1,
          null,
          1,
          1,
          1,
          null,
          1,
          null,
          1,
          null,
          null,
          null,
          null,
          null,
          null,
          null,
          null,
          null,
          1,
          0,
          null,
          null,
          0,
          null,
          null,
          null,
          0,
          0,
          null,
          null,
          null,
          null,
          0,
          null,
          0,
          null,
          0,
          null,
          0,
          null,
          null,
          null,
          1,
          0,
          null,
          null,
          1,
          0,
          null,
          null,
          1,
          0,
          null,
          null,
          1,
          0,
          0,
          null,
          0,
          null,
          null,
          null,
          25,
          null,
          1,
          45,
          null,
          null,
          1,
          12,
          null,
          null
        ]
      },
      "/Users/mmargonari/RubymineProjects/rails_6_recorridas/RecorridasZOTPWeb/app/controllers/application_controller.rb": {
        "lines": [
          1,
          1,
          1,
          1,
          null,
          1,
          null,
          1,
          1,
          1,
          null,
          null,
          1,
          12,
          0,
          null,
          null,
          null,
          1,
          4,
          0,
          null,
          null,
          null,
          1,
          3,
          0,
          null,
          null,
          null,
          1,
          0,
          0,
          null,
          null,
          null,
          1,
          10,
          0,
          null,
          null,
          null,
          1,
          8,
          0,
          null,
          null,
          null,
          1,
          6,
          0,
          null,
          null,
          null,
          1,
          373,
          0,
          null,
          null,
          null,
          1,
          20,
          0,
          null,
          null,
          null,
          1,
          19,
          0,
          null,
          null,
          null,
          1,
          16,
          1,
          null,
          null,
          null,
          1,
          18,
          0,
          null,
          null,
          null,
          1,
          4,
          0,
          null,
          null,
          null,
          1,
          4,
          0,
          null,
          null,
          null,
          1,
          2,
          0,
          null,
          null,
          null,
          1,
          0,
          0,
          null,
          null,
          null,
          1,
          12,
          0,
          null,
          null,
          null,
          1,
          null,
          1,
          null,
          null,
          1,
          null,
          1,
          1,
          1,
          null,
          1,
          null,
          null,
          1,
          458,
          null,
          null,
          null,
          null,
          1,
          448,
          421,
          1,
          1,
          null,
          null,
          null,
          null,
          null
        ]
      },
      "/Users/mmargonari/RubymineProjects/rails_6_recorridas/RecorridasZOTPWeb/app/controllers/mapa_controller.rb": {
        "lines": [
          1,
          1,
          null,
          1,
          93,
          null,
          null,
          1,
          0,
          null,
          null,
          1,
          0,
          null,
          null
        ]
      },
      "/Users/mmargonari/RubymineProjects/rails_6_recorridas/RecorridasZOTPWeb/app/dataAccess/rol_data_access.rb": {
        "lines": [
          1,
          null,
          1,
          null,
          30,
          null,
          null,
          1,
          null,
          10,
          null,
          null,
          1,
          null,
          29,
          null,
          null,
          1,
          null,
          72,
          null,
          null,
          1,
          null,
          10,
          null,
          null,
          1,
          null,
          44,
          null,
          null,
          1,
          null,
          89,
          null,
          null,
          1,
          null,
          373,
          null,
          null,
          1,
          null,
          586,
          null,
          null,
          1,
          null,
          661,
          null,
          null,
          1,
          null,
          75,
          null,
          null,
          1,
          null,
          564,
          null,
          null,
          1,
          null,
          424,
          null,
          null,
          1,
          null,
          130,
          null,
          null,
          1,
          null,
          389,
          null,
          null,
          1,
          null,
          1110,
          null,
          null,
          1,
          null,
          10,
          null,
          null,
          1,
          null,
          11,
          null,
          null,
          1,
          null,
          34,
          null,
          null,
          1,
          null,
          370,
          null,
          null,
          1,
          null,
          370,
          null,
          null,
          1,
          418,
          null,
          null,
          null
        ]
      },
      "/Users/mmargonari/RubymineProjects/rails_6_recorridas/RecorridasZOTPWeb/app/dataAccess/person_data_access.rb": {
        "lines": [
          1,
          null,
          1,
          93,
          null,
          null,
          null,
          null,
          null,
          1,
          0,
          0,
          0,
          null,
          0,
          0,
          0,
          null,
          0,
          null,
          null,
          0,
          null,
          null,
          1,
          0,
          0,
          null,
          null,
          1,
          0,
          null,
          null,
          null,
          null,
          null,
          null,
          null,
          null,
          null,
          null,
          null,
          null,
          null,
          0,
          null,
          null,
          1,
          0,
          0,
          0,
          null,
          0,
          0,
          0,
          0,
          null,
          0,
          0,
          null,
          0,
          0,
          0,
          null,
          0,
          null,
          0,
          0,
          0,
          0,
          0,
          0,
          0,
          0,
          0,
          0,
          null,
          0,
          0,
          0,
          null,
          0,
          null,
          0,
          null,
          null,
          null,
          0,
          0,
          null,
          null,
          1,
          0,
          null,
          null,
          1,
          3,
          3,
          3,
          null,
          3,
          0,
          null,
          3,
          3,
          null,
          3,
          3,
          null,
          null,
          null
        ]
      },
      "/Users/mmargonari/RubymineProjects/rails_6_recorridas/RecorridasZOTPWeb/app/controllers/areas_controller.rb": {
        "lines": [
          1,
          1,
          1,
          1,
          null,
          null,
          null,
          1,
          25,
          null,
          null,
          null,
          null,
          null,
          null,
          null,
          null,
          null,
          null,
          25,
          null,
          null,
          25,
          25,
          25,
          null,
          null,
          null,
          null,
          null,
          1,
          null,
          null,
          null,
          1,
          4,
          null,
          null,
          null,
          1,
          null,
          null,
          null,
          null,
          1,
          4,
          4,
          null,
          4,
          4,
          3,
          6,
          3,
          3,
          null,
          2,
          1,
          1,
          null,
          null,
          null,
          null,
          null,
          null,
          1,
          4,
          4,
          3,
          6,
          3,
          null,
          2,
          1,
          null,
          null,
          null,
          null,
          null,
          null,
          1,
          4,
          3,
          6,
          3,
          null,
          null,
          null,
          1,
          null,
          1,
          12,
          null,
          null,
          null,
          1,
          8,
          null,
          null
        ]
      },
      "/Users/mmargonari/RubymineProjects/rails_6_recorridas/RecorridasZOTPWeb/app/dataAccess/auditoria_data_access.rb": {
        "lines": [
          1,
          null,
          1,
          78,
          78,
          78,
          78,
          78,
          78,
          78,
          78,
          78,
          null,
          null,
          null
        ]
      },
      "/Users/mmargonari/RubymineProjects/rails_6_recorridas/RecorridasZOTPWeb/app/models/auditoria.rb": {
        "lines": [
          1,
          1,
          1,
          null,
          1,
          1,
          1,
          null,
          1,
          1,
          1,
          1,
          1,
          1,
          1,
          1,
          1,
          1,
          null,
          1,
          null,
          1,
          null,
          null,
          null,
          null,
          null,
          null,
          null,
          null,
          null,
          null,
          1,
          0,
          0,
          null,
          null,
          1,
          0,
          0,
          null,
          null,
          1,
          0,
          null,
          null,
          1,
          0,
          null,
          null,
          1,
          0,
          0,
          null,
          0,
          null,
          null,
          null,
          1,
          0,
          null,
          null,
          0,
          null,
          null,
          null,
          0,
          0,
          null,
          null,
          null,
          null,
          0,
          null,
          0,
          null,
          0,
          null,
          0,
          null,
          null,
          null,
          1,
          null,
          null
        ]
      },
      "/Users/mmargonari/RubymineProjects/rails_6_recorridas/RecorridasZOTPWeb/app/dataAccess/area_data_access.rb": {
        "lines": [
          1,
          null,
          1,
          0,
          0,
          0,
          0,
          0,
          null,
          0,
          null,
          0,
          0,
          0,
          0,
          0,
          0,
          0,
          null,
          null,
          0,
          null,
          null,
          1,
          0,
          0,
          0,
          0,
          0,
          0,
          0,
          null,
          0,
          0,
          null,
          null,
          0,
          0,
          0,
          null,
          0,
          null,
          null,
          0,
          null,
          0,
          0,
          0,
          null,
          0,
          null,
          0,
          null,
          null,
          null,
          0,
          0,
          null,
          null,
          1,
          4,
          1,
          null,
          3,
          3,
          3,
          null,
          3,
          3,
          null,
          null,
          null
        ]
      },
      "/Users/mmargonari/RubymineProjects/rails_6_recorridas/RecorridasZOTPWeb/app/controllers/departamentos_controller.rb": {
        "lines": [
          1,
          1,
          1,
          null,
          1,
          7,
          null,
          7,
          7,
          null,
          null,
          null,
          1,
          1,
          null,
          null,
          1,
          null,
          null,
          1,
          null,
          null,
          1,
          1,
          1,
          null,
          1,
          1,
          1,
          2,
          1,
          1,
          null,
          0,
          0,
          0,
          null,
          null,
          null,
          null,
          1,
          1,
          1,
          1,
          2,
          1,
          null,
          0,
          0,
          null,
          null,
          null,
          null,
          1,
          1,
          1,
          2,
          1,
          null,
          null,
          null,
          1,
          null,
          1,
          0,
          0,
          0,
          null,
          null,
          null,
          1,
          null,
          1,
          3,
          null,
          null,
          null,
          1,
          2,
          null,
          null
        ]
      },
      "/Users/mmargonari/RubymineProjects/rails_6_recorridas/RecorridasZOTPWeb/app/dataAccess/departamento_data_access.rb": {
        "lines": [
          1,
          null,
          null,
          null,
          null,
          null,
          null,
          null,
          null,
          null,
          null,
          null,
          null,
          null,
          null,
          null,
          null,
          null,
          null,
          null,
          null,
          null,
          null,
          null,
          null,
          null,
          null,
          null,
          null,
          null,
          null,
          null,
          null,
          null,
          null,
          null,
          null,
          null,
          null,
          null,
          null,
          null,
          null,
          null,
          null,
          null,
          null,
          null,
          null,
          null,
          null,
          null,
          null,
          null,
          null,
          null,
          null,
          1,
          1,
          0,
          null,
          1,
          1,
          1,
          null,
          1,
          1,
          null,
          null,
          null
        ]
      },
      "/Users/mmargonari/RubymineProjects/rails_6_recorridas/RecorridasZOTPWeb/app/controllers/estados_controller.rb": {
        "lines": [
          1,
          1,
          1,
          null,
          1,
          9,
          null,
          9,
          9,
          null,
          null,
          null,
          1,
          2,
          null,
          null,
          1,
          null,
          null,
          1,
          null,
          null,
          1,
          2,
          2,
          null,
          2,
          2,
          1,
          2,
          1,
          1,
          null,
          2,
          1,
          1,
          null,
          null,
          null,
          null,
          1,
          2,
          2,
          1,
          2,
          1,
          null,
          2,
          1,
          null,
          null,
          null,
          null,
          1,
          1,
          1,
          2,
          1,
          null,
          null,
          null,
          1,
          null,
          1,
          5,
          null,
          null,
          null,
          1,
          4,
          null,
          null
        ]
      },
      "/Users/mmargonari/RubymineProjects/rails_6_recorridas/RecorridasZOTPWeb/app/models/estado.rb": {
        "lines": [
          1,
          1,
          1,
          87,
          null,
          1,
          92,
          null,
          null,
          1,
          3,
          null,
          null
        ]
      },
      "/Users/mmargonari/RubymineProjects/rails_6_recorridas/RecorridasZOTPWeb/app/dataAccess/estado_data_access.rb": {
        "lines": [
          1,
          null,
          null,
          null,
          null,
          null,
          null,
          null,
          null,
          null,
          null,
          null,
          null,
          null,
          null,
          null,
          null,
          null,
          null,
          null,
          null,
          null,
          null,
          null,
          null,
          null,
          null,
          null,
          null,
          null,
          null,
          null,
          null,
          null,
          null,
          null,
          null,
          null,
          null,
          null,
          null,
          null,
          null,
          null,
          null,
          null,
          null,
          null,
          null,
          null,
          null,
          null,
          null,
          null,
          null,
          null,
          null,
          1,
          1,
          0,
          null,
          1,
          1,
          1,
          null,
          1,
          1,
          null,
          null,
          null
        ]
      },
      "/Users/mmargonari/RubymineProjects/rails_6_recorridas/RecorridasZOTPWeb/app/controllers/instituciones_controller.rb": {
        "lines": [
          1,
          1,
          1,
          1,
          1,
          1,
          null,
          1,
          17,
          null,
          null,
          null,
          null,
          null,
          null,
          null,
          null,
          null,
          null,
          null,
          null,
          17,
          null,
          null,
          17,
          17,
          17,
          null,
          null,
          null,
          null,
          null,
          1,
          null,
          null,
          null,
          1,
          4,
          null,
          null,
          null,
          1,
          null,
          null,
          null,
          null,
          1,
          4,
          4,
          null,
          4,
          4,
          2,
          4,
          2,
          2,
          null,
          4,
          2,
          2,
          null,
          null,
          null,
          null,
          null,
          null,
          1,
          4,
          4,
          2,
          4,
          2,
          null,
          4,
          2,
          null,
          null,
          null,
          null,
          null,
          null,
          1,
          2,
          2,
          4,
          2,
          null,
          null,
          null,
          1,
          null,
          1,
          11,
          null,
          null,
          null,
          1,
          8,
          null,
          null
        ]
      },
      "/Users/mmargonari/RubymineProjects/rails_6_recorridas/RecorridasZOTPWeb/app/dataAccess/institucion_data_access.rb": {
        "lines": [
          1,
          null,
          1,
          2,
          2,
          2,
          null,
          2,
          null,
          null,
          null
        ]
      },
      "/Users/mmargonari/RubymineProjects/rails_6_recorridas/RecorridasZOTPWeb/app/controllers/pedidos_controller.rb": {
        "lines": [
          1,
          1,
          1,
          1,
          1,
          1,
          null,
          1,
          24,
          null,
          null,
          null,
          null,
          null,
          null,
          null,
          null,
          null,
          null,
          null,
          null,
          null,
          null,
          24,
          0,
          null,
          24,
          null,
          null,
          null,
          24,
          24,
          24,
          24,
          null,
          null,
          null,
          1,
          5,
          5,
          null,
          null,
          1,
          null,
          null,
          1,
          5,
          5,
          null,
          5,
          5,
          5,
          10,
          5,
          5,
          null,
          0,
          0,
          0,
          null,
          null,
          null,
          null,
          1,
          4,
          4,
          4,
          8,
          4,
          4,
          null,
          0,
          0,
          0,
          0,
          null,
          null,
          null,
          null,
          1,
          3,
          3,
          6,
          3,
          null,
          null,
          null,
          1,
          null,
          1,
          11,
          null,
          null,
          null,
          1,
          9,
          null,
          null
        ]
      },
      "/Users/mmargonari/RubymineProjects/rails_6_recorridas/RecorridasZOTPWeb/app/dataAccess/pedido_data_access.rb": {
        "lines": [
          1,
          null,
          1,
          null,
          0,
          0,
          0,
          null,
          0,
          null,
          null,
          0,
          0,
          0,
          null,
          0,
          0,
          0,
          0,
          0,
          null,
          null,
          0,
          null,
          null,
          1,
          0,
          0,
          0,
          null,
          0,
          0,
          0,
          0,
          null,
          0,
          0,
          null,
          0,
          0,
          0,
          null,
          0,
          null,
          0,
          0,
          0,
          0,
          null,
          0,
          0,
          0,
          null,
          0,
          null,
          0,
          null,
          null,
          null,
          0,
          0,
          null,
          null,
          1,
          3,
          3,
          3,
          null,
          3,
          3,
          null,
          null,
          null
        ]
      },
      "/Users/mmargonari/RubymineProjects/rails_6_recorridas/RecorridasZOTPWeb/app/controllers/people_controller.rb": {
        "lines": [
          1,
          1,
          1,
          1,
          1,
          1,
          1,
          null,
          null,
          null,
          1,
          27,
          0,
          0,
          null,
          0,
          null,
          27,
          null,
          null,
          27,
          null,
          null,
          null,
          null,
          null,
          null,
          null,
          null,
          null,
          null,
          null,
          null,
          null,
          null,
          null,
          27,
          null,
          null,
          27,
          27,
          27,
          null,
          null,
          null,
          null,
          null,
          null,
          null,
          null,
          null,
          null,
          null,
          null,
          1,
          0,
          0,
          0,
          null,
          0,
          0,
          0,
          null,
          null,
          null,
          null,
          null,
          1,
          null,
          null,
          null,
          1,
          12,
          12,
          12,
          null,
          null,
          null,
          1,
          5,
          5,
          null,
          null,
          null,
          null,
          1,
          12,
          12,
          12,
          12,
          12,
          null,
          12,
          12,
          6,
          12,
          6,
          null,
          6,
          0,
          null,
          6,
          null,
          null,
          12,
          6,
          null,
          null,
          null,
          null,
          null,
          null,
          1,
          4,
          4,
          3,
          6,
          3,
          null,
          1,
          1,
          null,
          0,
          0,
          0,
          null,
          null,
          2,
          1,
          null,
          null,
          null,
          null,
          null,
          null,
          1,
          3,
          3,
          6,
          3,
          null,
          null,
          null,
          1,
          null,
          1,
          12,
          null,
          null,
          null,
          1,
          16,
          null,
          null,
          null,
          null,
          null,
          null,
          null,
          null,
          null,
          null,
          null,
          null,
          null,
          null,
          null,
          null,
          null,
          null
        ]
      },
      "/Users/mmargonari/RubymineProjects/rails_6_recorridas/RecorridasZOTPWeb/app/controllers/visits_controller.rb": {
        "lines": [
          1,
          1,
          1,
          1,
          1,
          1,
          null,
          1,
          0,
          0,
          0,
          null,
          0,
          null,
          null,
          null,
          1,
          0,
          null,
          null,
          1,
          0,
          null,
          0,
          null,
          null,
          null,
          null,
          1,
          28,
          10,
          10,
          null,
          10,
          null,
          18,
          null,
          null,
          28,
          null,
          null,
          null,
          null,
          null,
          null,
          null,
          null,
          null,
          null,
          null,
          null,
          null,
          null,
          null,
          28,
          null,
          null,
          28,
          28,
          28,
          null,
          null,
          null,
          null,
          null,
          1,
          null,
          null,
          null,
          1,
          5,
          5,
          null,
          5,
          0,
          0,
          0,
          0,
          0,
          null,
          0,
          0,
          null,
          null,
          null,
          null,
          null,
          1,
          null,
          null,
          null,
          null,
          1,
          5,
          5,
          null,
          5,
          5,
          5,
          10,
          5,
          null,
          0,
          0,
          null,
          null,
          null,
          null,
          null,
          null,
          1,
          4,
          4,
          4,
          8,
          4,
          null,
          0,
          0,
          0,
          null,
          null,
          null,
          null,
          null,
          null,
          1,
          3,
          3,
          6,
          3,
          null,
          null,
          null,
          1,
          null,
          1,
          11,
          null,
          null,
          null,
          1,
          9,
          null,
          null
        ]
      },
      "/Users/mmargonari/RubymineProjects/rails_6_recorridas/RecorridasZOTPWeb/app/dataAccess/visit_data_access.rb": {
        "lines": [
          1,
          null,
          1,
          null,
          0,
          0,
          0,
          null,
          0,
          null,
          null,
          0,
          0,
          0,
          null,
          0,
          0,
          0,
          0,
          0,
          null,
          null,
          0,
          null,
          null,
          1,
          0,
          0,
          null,
          null,
          1,
          0,
          0,
          0,
          null,
          0,
          0,
          0,
          0,
          null,
          0,
          0,
          null,
          0,
          0,
          0,
          null,
          0,
          null,
          0,
          0,
          0,
          0,
          0,
          0,
          0,
          0,
          null,
          null,
          0,
          0,
          0,
          null,
          0,
          null,
          0,
          null,
          null,
          null,
          0,
          0,
          null,
          null,
          1,
          6,
          6,
          6,
          null,
          6,
          6,
          null,
          null,
          null
        ]
      },
      "/Users/mmargonari/RubymineProjects/rails_6_recorridas/RecorridasZOTPWeb/app/controllers/users_controller.rb": {
        "lines": [
          1,
          1,
          1,
          null,
          1,
          9,
          null,
          null,
          null,
          null,
          null,
          null,
          null,
          9,
          null,
          null,
          9,
          9,
          9,
          null,
          null,
          null,
          null,
          1,
          null,
          null,
          1,
          3,
          3,
          3,
          6,
          3,
          null,
          0,
          0,
          null,
          null,
          null,
          null,
          1,
          0,
          0,
          0,
          0,
          null,
          null,
          null,
          1,
          null,
          1,
          6,
          null,
          null,
          null,
          1,
          0,
          null,
          null,
          null,
          null,
          null,
          null,
          null,
          null,
          null,
          null,
          null,
          null,
          1,
          3,
          null,
          null,
          null,
          null,
          null,
          null,
          null,
          null,
          null,
          null,
          null,
          null
        ]
      },
      "/Users/mmargonari/RubymineProjects/rails_6_recorridas/RecorridasZOTPWeb/app/controllers/users/sessions_controller.rb": {
        "lines": [
          1,
          null,
          null,
          null,
          null,
          null,
          null,
          null,
          null,
          null,
          null,
          null,
          null,
          null,
          null,
          null,
          null,
          null,
          1,
          null,
          null,
          null,
          null,
          null,
          null,
          null,
          1,
          null,
          0,
          null,
          null
        ]
      },
      "/Users/mmargonari/RubymineProjects/rails_6_recorridas/RecorridasZOTPWeb/app/controllers/users/registrations_controller.rb": {
        "lines": [
          1,
          1,
          1,
          null,
          null,
          null,
          null,
          null,
          null,
          null,
          1,
          6,
          6,
          6,
          6,
          6,
          null,
          6,
          6,
          6,
          6,
          null,
          null,
          null,
          null,
          null,
          null,
          null,
          null,
          null,
          null,
          null,
          null,
          null,
          null,
          null,
          null,
          null,
          null,
          null,
          null,
          null,
          null,
          null,
          null,
          null,
          null,
          null,
          1,
          null,
          null,
          1,
          6,
          null,
          null,
          null,
          1,
          0,
          null,
          null,
          null,
          1,
          null,
          0,
          null,
          null,
          null,
          1,
          null,
          5,
          null,
          null
        ]
      },
      "/Users/mmargonari/RubymineProjects/rails_6_recorridas/RecorridasZOTPWeb/app/mailers/enviador.rb": {
        "lines": [
          1,
          null,
          1,
          0,
          0,
          null,
          null,
          1,
          6,
          6,
          6,
          null,
          null,
          1,
          6,
          6,
          null,
          null,
          null
        ]
      },
      "/Users/mmargonari/RubymineProjects/rails_6_recorridas/RecorridasZOTPWeb/app/mailers/application_mailer.rb": {
        "lines": [
          1,
          1,
          1,
          null
        ]
      },
      "/Users/mmargonari/RubymineProjects/rails_6_recorridas/RecorridasZOTPWeb/app/controllers/zones_controller.rb": {
        "lines": [
          1,
          1,
          1,
          1,
          null,
          null,
          null,
          1,
          23,
          null,
          null,
          null,
          null,
          null,
          null,
          null,
          null,
          null,
          null,
          null,
          null,
          23,
          null,
          null,
          23,
          23,
          23,
          null,
          null,
          null,
          null,
          null,
          1,
          null,
          null,
          null,
          1,
          4,
          null,
          null,
          null,
          1,
          null,
          null,
          null,
          null,
          1,
          4,
          4,
          null,
          4,
          4,
          3,
          6,
          3,
          3,
          null,
          2,
          1,
          1,
          null,
          null,
          null,
          null,
          null,
          null,
          1,
          4,
          4,
          3,
          6,
          3,
          null,
          2,
          1,
          null,
          null,
          null,
          null,
          null,
          null,
          1,
          3,
          3,
          6,
          3,
          null,
          null,
          null,
          1,
          null,
          1,
          11,
          null,
          null,
          null,
          1,
          8,
          null,
          null
        ]
      },
      "/Users/mmargonari/RubymineProjects/rails_6_recorridas/RecorridasZOTPWeb/app/dataAccess/zone_data_access.rb": {
        "lines": [
          1,
          null,
          1,
          0,
          0,
          0,
          null,
          0,
          0,
          0,
          null,
          0,
          null,
          null,
          0,
          null,
          null,
          1,
          0,
          0,
          0,
          null,
          0,
          0,
          0,
          0,
          null,
          0,
          0,
          null,
          0,
          0,
          0,
          null,
          0,
          null,
          0,
          0,
          0,
          0,
          0,
          0,
          0,
          null,
          0,
          null,
          0,
          null,
          null,
          0,
          0,
          null,
          null,
          1,
          3,
          0,
          null,
          3,
          3,
          3,
          null,
          3,
          3,
          3,
          null,
          null,
          null
        ]
      },
      "/Users/mmargonari/RubymineProjects/rails_6_recorridas/RecorridasZOTPWeb/app/dataAccess/user_data_access.rb": {
        "lines": [
          0,
          null,
          null,
          null,
          null,
          null,
          null,
          null,
          null,
          null,
          null,
          null,
          null,
          null,
          null,
          null,
          null,
          null,
          null,
          null,
          null,
          null,
          null,
          null,
          null,
          null,
          null,
          null,
          null,
          null,
          null,
          null,
          null,
          null,
          null,
          null,
          null,
          null,
          null,
          null,
          null,
          null,
          null,
          null,
          null,
          null,
          null,
          0,
          0,
          0,
          0,
          0,
          0,
          0,
          0,
          null,
          0
        ],
        "branches": {
        }
      },
      "/Users/mmargonari/RubymineProjects/rails_6_recorridas/RecorridasZOTPWeb/app/dataAccess/notificacion_data_access.rb": {
        "lines": [
          0,
          0,
          null,
          0,
          null,
          null,
          null,
          null,
          null,
          null,
          null,
          null,
          null,
          null,
          null,
          null,
          null,
          null,
          null,
          null,
          0,
          0,
          0,
          0,
          null,
          0,
          0,
          0,
          0,
          null,
          0,
          0,
          0,
          null,
          null,
          null,
          0,
          null,
          0,
          0,
          0,
          0,
          0,
          0,
          0,
          0,
          0,
          0,
          null,
          0,
          0,
          0,
          0,
          0,
          0,
          0,
          null,
          0,
          null,
          0,
          0,
          0,
          0,
          0,
          0,
          0,
          0,
          0,
          0,
          0,
          0,
          0,
          null,
          0,
          0,
          0,
          null,
          0,
          0,
          0,
          0,
          0,
          null,
          0,
          0,
          0,
          0,
          0,
          0,
          0,
          0,
          0,
          0,
          0,
          0,
          0,
          0,
          0,
          0,
          0,
          0,
          0,
          0,
          0,
          null,
          0,
          0,
          0,
          0,
          0,
          0,
          0,
          0,
          0,
          0,
          0,
          0,
          0,
          0,
          0,
          null,
          0
        ],
        "branches": {
        }
      },
      "/Users/mmargonari/RubymineProjects/rails_6_recorridas/RecorridasZOTPWeb/app/models/notificacion_rol.rb": {
        "lines": [
          0,
          0,
          0,
          0
        ],
        "branches": {
        }
      },
      "/Users/mmargonari/RubymineProjects/rails_6_recorridas/RecorridasZOTPWeb/app/models/notificacion.rb": {
        "lines": [
          0,
          0,
          0,
          0,
          0,
          0,
          0,
          0,
          0,
          0,
          0,
          0,
          0,
          0,
          0,
          0,
          null,
          0,
          0,
          0,
          0,
          0,
          null,
          0,
          0,
          0,
          0,
          0,
          0,
          0,
          0,
          0,
          0,
          0,
          0,
          0,
          0,
          0,
          0,
          0,
          0,
          0,
          0,
          null,
          0,
          0,
          0,
          0,
          0,
          null,
          0,
          0,
          0,
          0,
          0,
          null,
          0,
          0,
          0,
          0,
          0,
          0,
          0,
          0,
          0,
          0,
          0,
          0,
          0,
          0,
          0,
          0,
          0,
          0,
          0,
          0,
          0,
          0,
          0,
          0,
          null,
          0,
          0,
          0,
          0,
          0,
          0,
          null,
          0,
          0,
          0,
          0,
          0,
          0,
          0,
          0,
          null,
          0,
          0,
          0,
          null,
          0,
          0,
          0,
          0,
          null,
          0,
          0,
          0,
          0,
          null,
          0,
          0,
          null,
          null,
          0,
          null,
          null,
          null,
          0,
          0,
          0,
          null,
          null,
          null,
          0,
          0,
          0,
          0,
          0,
          0,
          0,
          0,
          null,
          0,
          null,
          0,
          null,
          0,
          0,
          0,
          null,
          0,
          0,
          0,
          null,
          0,
          0,
          0,
          null,
          0,
          0,
          0,
          0,
          0,
          0
        ],
        "branches": {
        }
      },
      "/Users/mmargonari/RubymineProjects/rails_6_recorridas/RecorridasZOTPWeb/app/controllers/common_controller.rb": {
        "lines": [
          0,
          null,
          0,
          0,
          0,
          0,
          0,
          0,
          0,
          0,
          0,
          0,
          0,
          null,
          0,
          0,
          0,
          0,
          0,
          0,
          0,
          0,
          0,
          0,
          0,
          0,
          0,
          null,
          0,
          0,
          0,
          0,
          0,
          0,
          0,
          0,
          0,
          0,
          null,
          0,
          0,
          0,
          0,
          0,
          0,
          null,
          0
        ],
        "branches": {
        }
      },
      "/Users/mmargonari/RubymineProjects/rails_6_recorridas/RecorridasZOTPWeb/app/controllers/auditoria_controller.rb": {
        "lines": [
          0,
          0,
          null,
          0,
          0,
          0,
          0,
          0,
          0,
          0,
          0,
          0,
          0,
          0,
          0,
          0,
          0,
          0,
          0,
          0,
          0,
          0,
          0,
          0,
          null,
          null,
          null,
          null,
          null,
          0,
          null,
          null,
          0,
          0,
          0,
          0,
          0,
          null,
          0
        ],
        "branches": {
        }
      },
      "/Users/mmargonari/RubymineProjects/rails_6_recorridas/RecorridasZOTPWeb/app/controllers/calendario_controller.rb": {
        "lines": [
          0,
          0,
          null,
          0,
          0,
          0,
          null,
          0
        ],
        "branches": {
        }
      },
      "/Users/mmargonari/RubymineProjects/rails_6_recorridas/RecorridasZOTPWeb/app/controllers/configuraciones_controller.rb": {
        "lines": [
          0,
          0,
          0,
          null,
          0,
          0,
          null,
          0
        ],
        "branches": {
        }
      },
      "/Users/mmargonari/RubymineProjects/rails_6_recorridas/RecorridasZOTPWeb/app/controllers/informes_controller.rb": {
        "lines": [
          0,
          null,
          0,
          null,
          0,
          0,
          null,
          0,
          0,
          0,
          0,
          0,
          0,
          0,
          0,
          0,
          0,
          0,
          0,
          0,
          0,
          0,
          null,
          0,
          0,
          0,
          0,
          0,
          0,
          null,
          0,
          0,
          0,
          0,
          0,
          0,
          0,
          0,
          0,
          0,
          0,
          0,
          0,
          0,
          0,
          0,
          null,
          0,
          0,
          0,
          0,
          0,
          0,
          0,
          null,
          0,
          0,
          0,
          0,
          0,
          0,
          0,
          0,
          0,
          0,
          0,
          0,
          0,
          0,
          0,
          0,
          null,
          0,
          0,
          0,
          0,
          0,
          0,
          null,
          0,
          0,
          0,
          0,
          0,
          0,
          0,
          0,
          0,
          0,
          0,
          0,
          0,
          0,
          0,
          null,
          0,
          0,
          0,
          0,
          0,
          0,
          null,
          0
        ],
        "branches": {
        }
      },
      "/Users/mmargonari/RubymineProjects/rails_6_recorridas/RecorridasZOTPWeb/app/controllers/sessions_controller.rb": {
        "lines": [
          null,
          null,
          null,
          null,
          null
        ],
        "branches": {
        }
      },
      "/Users/mmargonari/RubymineProjects/rails_6_recorridas/RecorridasZOTPWeb/app/controllers/api/visits_controller.rb": {
        "lines": [
          0,
          0,
          0,
          null,
          0,
          0,
          0,
          0,
          null,
          0,
          0,
          0,
          0,
          null,
          0,
          0,
          0,
          0,
          null,
          0
        ],
        "branches": {
        }
      },
      "/Users/mmargonari/RubymineProjects/rails_6_recorridas/RecorridasZOTPWeb/app/controllers/api/people_controller.rb": {
        "lines": [
          0,
          0,
          0,
          null,
          0,
          0,
          0,
          0,
          null,
          0,
          0,
          0,
          0,
          null,
          0,
          0,
          0,
          0,
          null,
          0,
          0,
          0,
          0,
          null,
          0
        ],
        "branches": {
        }
      },
      "/Users/mmargonari/RubymineProjects/rails_6_recorridas/RecorridasZOTPWeb/app/controllers/api/api_controller.rb": {
        "lines": [
          0,
          null,
          null,
          0,
          null,
          0,
          null,
          null,
          0,
          0,
          0,
          0,
          0,
          0,
          0,
          null,
          0
        ],
        "branches": {
        }
      },
      "/Users/mmargonari/RubymineProjects/rails_6_recorridas/RecorridasZOTPWeb/app/controllers/api/areas_controller.rb": {
        "lines": [
          0,
          0,
          0,
          null,
          0,
          0,
          0,
          0,
          null,
          0,
          0,
          0,
          0,
          null,
          0
        ],
        "branches": {
        }
      },
      "/Users/mmargonari/RubymineProjects/rails_6_recorridas/RecorridasZOTPWeb/app/controllers/api/pedidos_controller.rb": {
        "lines": [
          0,
          0,
          0,
          null,
          0,
          0,
          0,
          0,
          null,
          0,
          0,
          0,
          0,
          null,
          0
        ],
        "branches": {
        }
      },
      "/Users/mmargonari/RubymineProjects/rails_6_recorridas/RecorridasZOTPWeb/app/controllers/api/zones_controller.rb": {
        "lines": [
          0,
          0,
          0,
          null,
          0,
          0,
          0,
          0,
          null,
          0,
          0,
          0,
          0,
          null,
          0
        ],
        "branches": {
        }
      },
      "/Users/mmargonari/RubymineProjects/rails_6_recorridas/RecorridasZOTPWeb/app/controllers/notificaciones_controller.rb": {
        "lines": [
          0,
          0,
          0,
          0,
          null,
          0,
          0,
          0,
          0,
          0,
          0,
          0,
          null,
          null,
          null,
          null,
          null,
          0,
          null,
          null,
          0,
          0,
          0,
          0,
          0,
          null,
          null,
          0,
          0,
          0,
          0,
          0,
          0,
          0,
          0,
          0,
          0,
          0,
          null,
          null,
          0,
          0,
          0,
          null,
          null,
          null,
          0,
          0,
          0,
          0,
          0,
          0,
          0,
          0,
          0,
          0,
          0,
          0,
          0,
          0,
          0,
          0,
          0,
          0,
          0,
          null,
          null,
          null,
          0,
          0,
          0,
          0,
          0,
          0,
          0,
          0,
          0,
          0,
          0,
          0,
          0,
          0,
          0,
          0,
          0,
          0,
          0,
          0,
          0,
          0,
          0,
          0,
          0,
          0,
          0,
          0,
          0,
          null,
          null,
          null,
          0,
          0,
          0,
          0,
          0,
          0,
          0,
          null,
          0,
          null,
          0,
          0,
          0,
          null,
          null,
          0,
          0,
          0,
          0,
          0,
          0,
          0,
          0,
          0,
          0,
          0,
          0,
          0,
          0,
          0
        ],
        "branches": {
        }
      }
    },
    "timestamp": 1607919729
  }
}
