{
  "RSpec": {
    "coverage": {
      "/Users/mmargonari/RubymineProjects/rails_6_recorridas/RecorridasZOTPWeb/app/models/user.rb": {
        "lines": [
          1,
          1,
          1,
          1,
          null,
          null,
          1,
          null,
          null,
          1,
          null,
          1,
          1,
          1,
          1,
          1,
          null,
          1,
          null,
          1,
          null,
          null,
          null,
          null,
          null,
          null,
          null,
          null,
          1,
          0,
          null,
          null,
          0,
          null,
          null,
          null,
          0,
          0,
          null,
          null,
          null,
          null,
          0,
          null,
          0,
          null,
          0,
          null,
          0,
          null,
          null,
          null,
          1,
          0,
          null,
          null,
          1,
          0,
          null,
          null,
          1,
          null,
          1,
          0,
          null,
          null,
          1,
          0,
          0,
          null,
          null,
          1,
          95,
          88,
          null,
          null,
          null,
          1,
          0,
          null,
          null,
          null,
          null
        ]
      },
      "/Users/mmargonari/RubymineProjects/rails_6_recorridas/RecorridasZOTPWeb/app/models/application_record.rb": {
        "lines": [
          1,
          1,
          null
        ]
      },
      "/Users/mmargonari/RubymineProjects/rails_6_recorridas/RecorridasZOTPWeb/app/helpers/model_helper.rb": {
        "lines": [
          1,
          null,
          1,
          3,
          null,
          null,
          1,
          1,
          null,
          null,
          null
        ]
      },
      "/Users/mmargonari/RubymineProjects/rails_6_recorridas/RecorridasZOTPWeb/app/helpers/application_helper.rb": {
        "lines": [
          1,
          null,
          1,
          18,
          18,
          6,
          6,
          null,
          null,
          null,
          1,
          0,
          0,
          null,
          null,
          1,
          0,
          null,
          null,
          null
        ]
      },
      "/Users/mmargonari/RubymineProjects/rails_6_recorridas/RecorridasZOTPWeb/app/helpers/areas_helper.rb": {
        "lines": [
          1,
          null
        ]
      },
      "/Users/mmargonari/RubymineProjects/rails_6_recorridas/RecorridasZOTPWeb/app/helpers/auditoria_helper.rb": {
        "lines": [
          1,
          null
        ]
      },
      "/Users/mmargonari/RubymineProjects/rails_6_recorridas/RecorridasZOTPWeb/app/helpers/institucion_helper.rb": {
        "lines": [
          1,
          null
        ]
      },
      "/Users/mmargonari/RubymineProjects/rails_6_recorridas/RecorridasZOTPWeb/app/helpers/mapa_helper.rb": {
        "lines": [
          1,
          null
        ]
      },
      "/Users/mmargonari/RubymineProjects/rails_6_recorridas/RecorridasZOTPWeb/app/helpers/notificaciones_helper.rb": {
        "lines": [
          1,
          null
        ]
      },
      "/Users/mmargonari/RubymineProjects/rails_6_recorridas/RecorridasZOTPWeb/app/helpers/pedidos_helper.rb": {
        "lines": [
          1,
          null
        ]
      },
      "/Users/mmargonari/RubymineProjects/rails_6_recorridas/RecorridasZOTPWeb/app/helpers/people_helper.rb": {
        "lines": [
          1,
          null
        ]
      },
      "/Users/mmargonari/RubymineProjects/rails_6_recorridas/RecorridasZOTPWeb/app/helpers/users_helper.rb": {
        "lines": [
          1,
          null
        ]
      },
      "/Users/mmargonari/RubymineProjects/rails_6_recorridas/RecorridasZOTPWeb/app/helpers/visits_helper.rb": {
        "lines": [
          1,
          null
        ]
      },
      "/Users/mmargonari/RubymineProjects/rails_6_recorridas/RecorridasZOTPWeb/app/helpers/zones_helper.rb": {
        "lines": [
          1,
          null
        ]
      },
      "/Users/mmargonari/RubymineProjects/rails_6_recorridas/RecorridasZOTPWeb/app/models/state.rb": {
        "lines": [
          1,
          null
        ]
      },
      "/Users/mmargonari/RubymineProjects/rails_6_recorridas/RecorridasZOTPWeb/app/models/area.rb": {
        "lines": [
          1,
          1,
          1,
          null,
          null,
          1,
          1,
          null,
          1,
          1,
          null,
          1,
          null,
          null,
          null,
          null,
          null,
          1,
          0,
          null,
          null,
          0,
          null,
          null,
          null,
          0,
          0,
          null,
          null,
          null,
          null,
          0,
          null,
          0,
          null,
          0,
          null,
          0,
          null,
          null,
          null,
          1,
          116,
          null,
          null,
          78,
          null,
          1,
          0,
          null,
          null,
          null
        ]
      },
      "/Users/mmargonari/RubymineProjects/rails_6_recorridas/RecorridasZOTPWeb/app/models/zone.rb": {
        "lines": [
          1,
          1,
          1,
          1,
          null,
          1,
          null,
          null,
          1,
          null,
          1,
          null,
          null,
          null,
          null,
          null,
          null,
          1,
          0,
          null,
          null,
          0,
          null,
          null,
          null,
          0,
          0,
          null,
          null,
          null,
          null,
          0,
          null,
          0,
          null,
          0,
          null,
          0,
          null,
          null,
          null,
          1,
          0,
          null,
          null,
          1,
          174,
          null,
          null,
          1,
          18,
          18,
          12,
          null,
          18,
          null,
          null,
          48,
          null,
          1,
          0,
          null,
          null,
          null
        ]
      },
      "/Users/mmargonari/RubymineProjects/rails_6_recorridas/RecorridasZOTPWeb/app/models/notificacion_tipo.rb": {
        "lines": [
          1,
          null,
          1,
          1,
          1,
          1,
          null,
          1,
          0,
          null,
          null,
          1,
          null,
          null
        ]
      },
      "/Users/mmargonari/RubymineProjects/rails_6_recorridas/RecorridasZOTPWeb/app/models/frecuencia_tipo.rb": {
        "lines": [
          1,
          1,
          1,
          1,
          1,
          null
        ]
      },
      "/Users/mmargonari/RubymineProjects/rails_6_recorridas/RecorridasZOTPWeb/app/models/rol.rb": {
        "lines": [
          1,
          null,
          1,
          1,
          1,
          1,
          1,
          null,
          1,
          1,
          null,
          1,
          null
        ]
      },
      "/Users/mmargonari/RubymineProjects/rails_6_recorridas/RecorridasZOTPWeb/app/models/jornada.rb": {
        "lines": [
          1,
          1,
          null
        ]
      },
      "/Users/mmargonari/RubymineProjects/rails_6_recorridas/RecorridasZOTPWeb/app/models/departamento.rb": {
        "lines": [
          1,
          1,
          1,
          null,
          52,
          null,
          1,
          414,
          null,
          null,
          1,
          0,
          null,
          null
        ]
      },
      "/Users/mmargonari/RubymineProjects/rails_6_recorridas/RecorridasZOTPWeb/app/models/institucion_tipo.rb": {
        "lines": [
          1,
          null
        ]
      },
      "/Users/mmargonari/RubymineProjects/rails_6_recorridas/RecorridasZOTPWeb/app/models/institucion.rb": {
        "lines": [
          1,
          1,
          1,
          1,
          1,
          1,
          null,
          1,
          null,
          null,
          null,
          null,
          null,
          1,
          0,
          null,
          null,
          0,
          null,
          null,
          null,
          0,
          0,
          null,
          null,
          null,
          null,
          0,
          0,
          null,
          0,
          null,
          0,
          null,
          null,
          null,
          1,
          null,
          1,
          0,
          null,
          null,
          null
        ]
      },
      "/Users/mmargonari/RubymineProjects/rails_6_recorridas/RecorridasZOTPWeb/app/models/person.rb": {
        "lines": [
          1,
          1,
          1,
          null,
          1,
          null,
          1,
          null,
          1,
          1,
          1,
          null,
          1,
          1,
          1,
          1,
          141,
          7,
          1,
          1,
          null,
          1,
          null,
          1,
          null,
          null,
          null,
          null,
          null,
          null,
          null,
          null,
          null,
          null,
          null,
          1,
          0,
          null,
          null,
          1,
          null,
          1,
          0,
          null,
          null,
          1,
          0,
          null,
          null,
          0,
          null,
          null,
          null,
          0,
          0,
          null,
          null,
          null,
          null,
          0,
          0,
          null,
          0,
          null,
          0,
          null,
          null,
          null,
          1,
          0,
          null,
          null,
          1,
          0,
          null,
          null,
          1,
          0,
          null,
          null,
          1,
          0,
          null,
          null,
          1,
          0,
          0,
          null,
          null,
          26,
          null,
          1,
          0,
          0,
          null,
          null,
          1,
          12,
          null,
          null,
          null
        ]
      },
      "/Users/mmargonari/RubymineProjects/rails_6_recorridas/RecorridasZOTPWeb/app/models/visit.rb": {
        "lines": [
          1,
          null,
          1,
          1,
          null,
          1,
          1,
          null,
          null,
          1,
          1,
          null,
          1,
          35,
          0,
          null,
          null,
          null,
          1,
          null,
          1,
          null,
          null,
          null,
          null,
          null,
          null,
          null,
          null,
          null,
          null,
          null,
          null,
          1,
          0,
          null,
          null,
          0,
          null,
          null,
          null,
          0,
          0,
          null,
          null,
          null,
          null,
          0,
          null,
          0,
          null,
          0,
          null,
          0,
          null,
          null,
          null,
          1,
          0,
          null,
          null,
          1,
          0,
          null,
          null,
          1,
          1,
          null,
          null,
          1,
          0,
          null,
          null,
          1,
          0,
          0,
          null,
          null,
          null,
          5,
          null,
          1,
          0,
          0,
          null,
          null,
          null,
          1,
          0,
          0,
          null,
          0,
          null,
          null,
          null,
          1,
          3,
          null,
          null,
          null
        ]
      },
      "/Users/mmargonari/RubymineProjects/rails_6_recorridas/RecorridasZOTPWeb/app/models/pedido.rb": {
        "lines": [
          1,
          1,
          1,
          null,
          1,
          1,
          1,
          null,
          1,
          null,
          1,
          null,
          null,
          null,
          null,
          null,
          null,
          null,
          null,
          null,
          1,
          0,
          null,
          null,
          0,
          null,
          null,
          null,
          0,
          0,
          null,
          null,
          null,
          null,
          0,
          null,
          0,
          null,
          0,
          null,
          0,
          null,
          null,
          null,
          1,
          0,
          null,
          null,
          1,
          0,
          null,
          null,
          1,
          0,
          null,
          null,
          1,
          0,
          0,
          null,
          0,
          null,
          null,
          null,
          1,
          null,
          1,
          0,
          null,
          null,
          1,
          0,
          null,
          null
        ]
      },
      "/Users/mmargonari/RubymineProjects/rails_6_recorridas/RecorridasZOTPWeb/app/models/estado.rb": {
        "lines": [
          1,
          1,
          1,
          52,
          null,
          1,
          66,
          null,
          null,
          1,
          0,
          null,
          null
        ]
      },
      "/Users/mmargonari/RubymineProjects/rails_6_recorridas/RecorridasZOTPWeb/app/controllers/application_controller.rb": {
        "lines": [
          1,
          1,
          1,
          1,
          null,
          1,
          null,
          1,
          0,
          0,
          null,
          null,
          1,
          12,
          0,
          null,
          null,
          null,
          1,
          4,
          0,
          null,
          null,
          null,
          1,
          3,
          0,
          null,
          null,
          null,
          1,
          0,
          0,
          null,
          null,
          null,
          1,
          0,
          0,
          null,
          null,
          null,
          1,
          0,
          0,
          null,
          null,
          null,
          1,
          0,
          0,
          null,
          null,
          null,
          1,
          75,
          0,
          null,
          null,
          null,
          1,
          0,
          0,
          null,
          null,
          null,
          1,
          0,
          0,
          null,
          null,
          null,
          1,
          0,
          0,
          null,
          null,
          null,
          1,
          0,
          0,
          null,
          null,
          null,
          1,
          0,
          0,
          null,
          null,
          null,
          1,
          0,
          0,
          null,
          null,
          null,
          1,
          0,
          0,
          null,
          null,
          null,
          1,
          0,
          0,
          null,
          null,
          null,
          1,
          0,
          0,
          null,
          null,
          null,
          1,
          null,
          1,
          null,
          null,
          1,
          null,
          1,
          0,
          0,
          null,
          0,
          null,
          null,
          1,
          75,
          null,
          null,
          null,
          null,
          1,
          75,
          75,
          0,
          0,
          null,
          null,
          null,
          null,
          null
        ]
      },
      "/Users/mmargonari/RubymineProjects/rails_6_recorridas/RecorridasZOTPWeb/app/controllers/mapa_controller.rb": {
        "lines": [
          1,
          1,
          null,
          1,
          10,
          null,
          null,
          1,
          0,
          null,
          null,
          1,
          0,
          null,
          null
        ]
      },
      "/Users/mmargonari/RubymineProjects/rails_6_recorridas/RecorridasZOTPWeb/app/dataAccess/rol_data_access.rb": {
        "lines": [
          1,
          null,
          1,
          null,
          30,
          null,
          null,
          1,
          null,
          10,
          null,
          null,
          1,
          null,
          25,
          null,
          null,
          1,
          null,
          72,
          null,
          null,
          1,
          null,
          0,
          null,
          null,
          1,
          null,
          0,
          null,
          null,
          1,
          null,
          1,
          null,
          null,
          1,
          null,
          75,
          null,
          null,
          1,
          null,
          0,
          null,
          null,
          1,
          null,
          0,
          null,
          null,
          1,
          null,
          69,
          null,
          null,
          1,
          null,
          0,
          null,
          null,
          1,
          null,
          0,
          null,
          null,
          1,
          null,
          98,
          null,
          null,
          1,
          null,
          0,
          null,
          null,
          1,
          null,
          126,
          null,
          null,
          1,
          null,
          0,
          null,
          null,
          1,
          null,
          0,
          null,
          null,
          1,
          null,
          0,
          null,
          null,
          1,
          null,
          0,
          null,
          null,
          1,
          null,
          0,
          null,
          null,
          1,
          48,
          null,
          null,
          null
        ]
      },
      "/Users/mmargonari/RubymineProjects/rails_6_recorridas/RecorridasZOTPWeb/app/dataAccess/person_data_access.rb": {
        "lines": [
          1,
          null,
          1,
          10,
          null,
          null,
          null,
          null,
          null,
          1,
          0,
          0,
          0,
          null,
          0,
          0,
          0,
          null,
          0,
          null,
          null,
          0,
          null,
          null,
          1,
          0,
          0,
          null,
          null,
          1,
          0,
          null,
          null,
          null,
          null,
          null,
          null,
          null,
          null,
          null,
          null,
          null,
          null,
          null,
          0,
          null,
          null,
          1,
          0,
          0,
          0,
          null,
          0,
          0,
          0,
          0,
          null,
          0,
          0,
          null,
          0,
          0,
          0,
          null,
          0,
          null,
          0,
          0,
          0,
          0,
          0,
          0,
          0,
          0,
          0,
          0,
          null,
          0,
          0,
          0,
          null,
          0,
          null,
          0,
          null,
          null,
          null,
          0,
          0,
          null,
          null,
          1,
          0,
          null,
          null,
          1,
          3,
          3,
          3,
          null,
          3,
          0,
          null,
          3,
          3,
          null,
          3,
          3,
          null,
          null,
          null
        ]
      },
      "/Users/mmargonari/RubymineProjects/rails_6_recorridas/RecorridasZOTPWeb/app/controllers/people_controller.rb": {
        "lines": [
          1,
          1,
          1,
          1,
          1,
          1,
          1,
          null,
          null,
          null,
          1,
          25,
          0,
          0,
          null,
          0,
          null,
          25,
          null,
          null,
          25,
          null,
          null,
          null,
          null,
          null,
          null,
          null,
          null,
          null,
          null,
          null,
          null,
          null,
          null,
          null,
          25,
          null,
          null,
          25,
          25,
          25,
          null,
          null,
          null,
          null,
          null,
          null,
          null,
          null,
          null,
          null,
          null,
          null,
          1,
          0,
          0,
          0,
          null,
          0,
          0,
          0,
          null,
          null,
          null,
          null,
          null,
          1,
          null,
          null,
          null,
          1,
          12,
          12,
          12,
          null,
          null,
          null,
          1,
          5,
          5,
          null,
          null,
          null,
          null,
          1,
          12,
          12,
          12,
          12,
          12,
          null,
          12,
          12,
          6,
          12,
          6,
          null,
          6,
          0,
          null,
          6,
          null,
          null,
          12,
          6,
          null,
          null,
          null,
          null,
          null,
          null,
          1,
          4,
          4,
          3,
          6,
          3,
          null,
          1,
          1,
          null,
          0,
          0,
          0,
          null,
          null,
          2,
          1,
          null,
          null,
          null,
          null,
          null,
          null,
          1,
          3,
          3,
          6,
          3,
          null,
          null,
          null,
          1,
          null,
          1,
          12,
          null,
          null,
          null,
          1,
          16,
          null,
          null,
          null,
          null,
          null,
          null,
          null,
          null,
          null,
          null,
          null,
          null,
          null,
          null,
          null,
          null,
          null,
          null
        ]
      },
      "/Users/mmargonari/RubymineProjects/rails_6_recorridas/RecorridasZOTPWeb/app/dataAccess/auditoria_data_access.rb": {
        "lines": [
          1,
          null,
          1,
          15,
          15,
          15,
          15,
          15,
          15,
          15,
          15,
          15,
          null,
          null,
          null
        ]
      },
      "/Users/mmargonari/RubymineProjects/rails_6_recorridas/RecorridasZOTPWeb/app/models/auditoria.rb": {
        "lines": [
          1,
          1,
          1,
          null,
          1,
          1,
          1,
          null,
          1,
          1,
          1,
          1,
          1,
          1,
          1,
          1,
          1,
          1,
          null,
          1,
          null,
          1,
          null,
          null,
          null,
          null,
          null,
          null,
          null,
          null,
          null,
          null,
          1,
          0,
          0,
          null,
          null,
          1,
          0,
          0,
          null,
          null,
          1,
          0,
          null,
          null,
          1,
          0,
          null,
          null,
          1,
          0,
          0,
          null,
          0,
          null,
          null,
          null,
          1,
          0,
          null,
          null,
          0,
          null,
          null,
          null,
          0,
          0,
          null,
          null,
          null,
          null,
          0,
          null,
          0,
          null,
          0,
          null,
          0,
          null,
          null,
          null,
          1,
          null,
          null
        ]
      },
      "/Users/mmargonari/RubymineProjects/rails_6_recorridas/RecorridasZOTPWeb/app/controllers/visits_controller.rb": {
        "lines": [
          1,
          1,
          1,
          1,
          1,
          1,
          null,
          1,
          0,
          0,
          0,
          null,
          0,
          null,
          null,
          null,
          1,
          0,
          null,
          null,
          1,
          0,
          null,
          0,
          null,
          null,
          null,
          null,
          1,
          4,
          1,
          1,
          null,
          1,
          null,
          3,
          null,
          null,
          4,
          null,
          null,
          null,
          null,
          null,
          null,
          null,
          null,
          null,
          null,
          null,
          null,
          null,
          null,
          null,
          4,
          null,
          null,
          4,
          4,
          4,
          null,
          null,
          null,
          null,
          null,
          1,
          null,
          null,
          null,
          1,
          0,
          0,
          null,
          0,
          0,
          0,
          0,
          0,
          0,
          null,
          0,
          0,
          null,
          null,
          null,
          null,
          null,
          1,
          null,
          null,
          null,
          null,
          1,
          0,
          0,
          null,
          0,
          0,
          0,
          0,
          0,
          null,
          0,
          0,
          null,
          null,
          null,
          null,
          null,
          null,
          1,
          0,
          0,
          0,
          0,
          0,
          null,
          0,
          0,
          0,
          null,
          null,
          null,
          null,
          null,
          null,
          1,
          0,
          0,
          0,
          0,
          null,
          null,
          null,
          1,
          null,
          1,
          0,
          null,
          null,
          null,
          1,
          0,
          null,
          null
        ]
      },
      "/Users/mmargonari/RubymineProjects/rails_6_recorridas/RecorridasZOTPWeb/app/dataAccess/visit_data_access.rb": {
        "lines": [
          1,
          null,
          1,
          null,
          0,
          0,
          0,
          null,
          0,
          null,
          null,
          0,
          0,
          0,
          null,
          0,
          0,
          0,
          0,
          0,
          null,
          null,
          0,
          null,
          null,
          1,
          0,
          0,
          null,
          null,
          1,
          0,
          0,
          0,
          null,
          0,
          0,
          0,
          0,
          null,
          0,
          0,
          null,
          0,
          0,
          0,
          null,
          0,
          null,
          0,
          0,
          0,
          0,
          0,
          0,
          0,
          0,
          null,
          null,
          0,
          0,
          0,
          null,
          0,
          null,
          0,
          null,
          null,
          null,
          0,
          0,
          null,
          null,
          1,
          3,
          3,
          3,
          null,
          3,
          3,
          null,
          null,
          null
        ]
      },
      "/Users/mmargonari/RubymineProjects/rails_6_recorridas/RecorridasZOTPWeb/app/mailers/enviador.rb": {
        "lines": [
          0,
          null,
          0,
          0,
          0,
          0,
          null,
          0,
          0,
          0,
          0,
          0,
          null,
          0,
          0,
          0,
          0,
          null,
          0
        ],
        "branches": {
        }
      },
      "/Users/mmargonari/RubymineProjects/rails_6_recorridas/RecorridasZOTPWeb/app/mailers/application_mailer.rb": {
        "lines": [
          0,
          0,
          0,
          0
        ],
        "branches": {
        }
      },
      "/Users/mmargonari/RubymineProjects/rails_6_recorridas/RecorridasZOTPWeb/app/dataAccess/user_data_access.rb": {
        "lines": [
          0,
          null,
          null,
          null,
          null,
          null,
          null,
          null,
          null,
          null,
          null,
          null,
          null,
          null,
          null,
          null,
          null,
          null,
          null,
          null,
          null,
          null,
          null,
          null,
          null,
          null,
          null,
          null,
          null,
          null,
          null,
          null,
          null,
          null,
          null,
          null,
          null,
          null,
          null,
          null,
          null,
          null,
          null,
          null,
          null,
          null,
          null,
          0,
          0,
          0,
          0,
          0,
          0,
          0,
          0,
          null,
          0
        ],
        "branches": {
        }
      },
      "/Users/mmargonari/RubymineProjects/rails_6_recorridas/RecorridasZOTPWeb/app/dataAccess/notificacion_data_access.rb": {
        "lines": [
          0,
          0,
          null,
          0,
          null,
          null,
          null,
          null,
          null,
          null,
          null,
          null,
          null,
          null,
          null,
          null,
          null,
          null,
          null,
          null,
          0,
          0,
          0,
          0,
          null,
          0,
          0,
          0,
          0,
          null,
          0,
          0,
          0,
          null,
          null,
          null,
          0,
          null,
          0,
          0,
          0,
          0,
          0,
          0,
          0,
          0,
          0,
          0,
          null,
          0,
          0,
          0,
          0,
          0,
          0,
          0,
          null,
          0,
          null,
          0,
          0,
          0,
          0,
          0,
          0,
          0,
          0,
          0,
          0,
          0,
          0,
          0,
          null,
          0,
          0,
          0,
          null,
          0,
          0,
          0,
          0,
          0,
          null,
          0,
          0,
          0,
          0,
          0,
          0,
          0,
          0,
          0,
          0,
          0,
          0,
          0,
          0,
          0,
          0,
          0,
          0,
          0,
          0,
          0,
          null,
          0,
          0,
          0,
          0,
          0,
          0,
          0,
          0,
          0,
          0,
          0,
          0,
          0,
          0,
          0,
          null,
          0
        ],
        "branches": {
        }
      },
      "/Users/mmargonari/RubymineProjects/rails_6_recorridas/RecorridasZOTPWeb/app/dataAccess/area_data_access.rb": {
        "lines": [
          0,
          null,
          0,
          0,
          0,
          0,
          0,
          0,
          0,
          0,
          0,
          0,
          0,
          0,
          0,
          0,
          0,
          0,
          0,
          0,
          0,
          0,
          null,
          0,
          0,
          0,
          0,
          0,
          0,
          0,
          0,
          0,
          0,
          0,
          0,
          null,
          0,
          0,
          0,
          0,
          0,
          0,
          null,
          0,
          null,
          0,
          0,
          0,
          0,
          0,
          0,
          0,
          0,
          0,
          null,
          0,
          0,
          0,
          null,
          0,
          0,
          0,
          0,
          0,
          0,
          0,
          0,
          0,
          0,
          0,
          null,
          0
        ],
        "branches": {
        }
      },
      "/Users/mmargonari/RubymineProjects/rails_6_recorridas/RecorridasZOTPWeb/app/dataAccess/pedido_data_access.rb": {
        "lines": [
          0,
          null,
          0,
          null,
          0,
          0,
          0,
          0,
          0,
          0,
          null,
          0,
          0,
          0,
          null,
          0,
          0,
          0,
          0,
          0,
          0,
          null,
          0,
          0,
          null,
          0,
          0,
          0,
          0,
          null,
          0,
          0,
          0,
          0,
          0,
          0,
          0,
          0,
          0,
          0,
          0,
          0,
          0,
          0,
          0,
          0,
          0,
          0,
          null,
          0,
          0,
          0,
          0,
          0,
          0,
          0,
          0,
          0,
          null,
          0,
          0,
          0,
          null,
          0,
          0,
          0,
          0,
          0,
          0,
          0,
          0,
          null,
          0
        ],
        "branches": {
        }
      },
      "/Users/mmargonari/RubymineProjects/rails_6_recorridas/RecorridasZOTPWeb/app/dataAccess/zone_data_access.rb": {
        "lines": [
          0,
          null,
          0,
          0,
          0,
          0,
          null,
          0,
          0,
          0,
          0,
          0,
          0,
          null,
          0,
          0,
          null,
          0,
          0,
          0,
          0,
          null,
          0,
          0,
          0,
          0,
          0,
          0,
          0,
          0,
          0,
          0,
          0,
          0,
          0,
          0,
          0,
          0,
          0,
          0,
          0,
          0,
          0,
          0,
          0,
          0,
          0,
          0,
          0,
          0,
          0,
          0,
          null,
          0,
          0,
          0,
          0,
          0,
          0,
          0,
          0,
          0,
          0,
          0,
          0,
          null,
          0
        ],
        "branches": {
        }
      },
      "/Users/mmargonari/RubymineProjects/rails_6_recorridas/RecorridasZOTPWeb/app/dataAccess/estado_data_access.rb": {
        "lines": [
          0,
          null,
          null,
          null,
          null,
          null,
          null,
          null,
          null,
          null,
          null,
          null,
          null,
          null,
          null,
          null,
          null,
          null,
          null,
          null,
          null,
          null,
          null,
          null,
          null,
          null,
          null,
          null,
          null,
          null,
          null,
          null,
          null,
          null,
          null,
          null,
          null,
          null,
          null,
          null,
          null,
          null,
          null,
          null,
          null,
          null,
          null,
          null,
          null,
          null,
          null,
          null,
          null,
          null,
          null,
          null,
          null,
          0,
          0,
          0,
          0,
          0,
          0,
          0,
          0,
          0,
          0,
          0,
          null,
          0
        ],
        "branches": {
        }
      },
      "/Users/mmargonari/RubymineProjects/rails_6_recorridas/RecorridasZOTPWeb/app/dataAccess/departamento_data_access.rb": {
        "lines": [
          0,
          null,
          null,
          null,
          null,
          null,
          null,
          null,
          null,
          null,
          null,
          null,
          null,
          null,
          null,
          null,
          null,
          null,
          null,
          null,
          null,
          null,
          null,
          null,
          null,
          null,
          null,
          null,
          null,
          null,
          null,
          null,
          null,
          null,
          null,
          null,
          null,
          null,
          null,
          null,
          null,
          null,
          null,
          null,
          null,
          null,
          null,
          null,
          null,
          null,
          null,
          null,
          null,
          null,
          null,
          null,
          null,
          0,
          0,
          0,
          0,
          0,
          0,
          0,
          0,
          0,
          0,
          0,
          null,
          0
        ],
        "branches": {
        }
      },
      "/Users/mmargonari/RubymineProjects/rails_6_recorridas/RecorridasZOTPWeb/app/dataAccess/institucion_data_access.rb": {
        "lines": [
          0,
          null,
          0,
          0,
          0,
          0,
          0,
          0,
          0,
          null,
          0
        ],
        "branches": {
        }
      },
      "/Users/mmargonari/RubymineProjects/rails_6_recorridas/RecorridasZOTPWeb/app/models/notificacion_rol.rb": {
        "lines": [
          0,
          0,
          0,
          0
        ],
        "branches": {
        }
      },
      "/Users/mmargonari/RubymineProjects/rails_6_recorridas/RecorridasZOTPWeb/app/models/notificacion.rb": {
        "lines": [
          0,
          0,
          0,
          0,
          0,
          0,
          0,
          0,
          0,
          0,
          0,
          0,
          0,
          0,
          0,
          0,
          null,
          0,
          0,
          0,
          0,
          0,
          null,
          0,
          0,
          0,
          0,
          0,
          0,
          0,
          0,
          0,
          0,
          0,
          0,
          0,
          0,
          0,
          0,
          0,
          0,
          0,
          0,
          null,
          0,
          0,
          0,
          0,
          0,
          null,
          0,
          0,
          0,
          0,
          0,
          null,
          0,
          0,
          0,
          0,
          0,
          0,
          0,
          0,
          0,
          0,
          0,
          0,
          0,
          0,
          0,
          0,
          0,
          0,
          0,
          0,
          0,
          0,
          0,
          0,
          null,
          0,
          0,
          0,
          0,
          0,
          0,
          null,
          0,
          0,
          0,
          0,
          0,
          0,
          0,
          0,
          null,
          0,
          0,
          0,
          null,
          0,
          0,
          0,
          0,
          null,
          0,
          0,
          0,
          0,
          null,
          0,
          0,
          null,
          null,
          0,
          null,
          null,
          null,
          0,
          0,
          0,
          null,
          null,
          null,
          0,
          0,
          0,
          0,
          0,
          0,
          0,
          0,
          null,
          0,
          null,
          0,
          null,
          0,
          0,
          0,
          null,
          0,
          0,
          0,
          null,
          0,
          0,
          0,
          null,
          0,
          0,
          0,
          0,
          0,
          0
        ],
        "branches": {
        }
      },
      "/Users/mmargonari/RubymineProjects/rails_6_recorridas/RecorridasZOTPWeb/app/controllers/common_controller.rb": {
        "lines": [
          0,
          null,
          0,
          0,
          0,
          0,
          0,
          0,
          0,
          0,
          0,
          0,
          0,
          null,
          0,
          0,
          0,
          0,
          0,
          0,
          0,
          0,
          0,
          0,
          0,
          0,
          0,
          null,
          0,
          0,
          0,
          0,
          0,
          0,
          0,
          0,
          0,
          0,
          null,
          0,
          0,
          0,
          0,
          0,
          0,
          null,
          0
        ],
        "branches": {
        }
      },
      "/Users/mmargonari/RubymineProjects/rails_6_recorridas/RecorridasZOTPWeb/app/controllers/auditoria_controller.rb": {
        "lines": [
          0,
          0,
          null,
          0,
          0,
          0,
          0,
          0,
          0,
          0,
          0,
          0,
          0,
          0,
          0,
          0,
          0,
          0,
          0,
          0,
          0,
          0,
          0,
          0,
          null,
          null,
          null,
          null,
          null,
          0,
          null,
          null,
          0,
          0,
          0,
          0,
          0,
          null,
          0
        ],
        "branches": {
        }
      },
      "/Users/mmargonari/RubymineProjects/rails_6_recorridas/RecorridasZOTPWeb/app/controllers/estados_controller.rb": {
        "lines": [
          0,
          0,
          0,
          null,
          0,
          0,
          null,
          0,
          0,
          0,
          0,
          null,
          0,
          0,
          0,
          null,
          0,
          0,
          null,
          0,
          0,
          null,
          0,
          0,
          0,
          null,
          0,
          0,
          0,
          0,
          0,
          0,
          0,
          0,
          0,
          0,
          0,
          0,
          0,
          null,
          0,
          0,
          0,
          0,
          0,
          0,
          0,
          0,
          0,
          0,
          0,
          0,
          null,
          0,
          0,
          0,
          0,
          0,
          0,
          0,
          null,
          0,
          null,
          0,
          0,
          0,
          null,
          null,
          0,
          0,
          0,
          0
        ],
        "branches": {
        }
      },
      "/Users/mmargonari/RubymineProjects/rails_6_recorridas/RecorridasZOTPWeb/app/controllers/calendario_controller.rb": {
        "lines": [
          0,
          0,
          null,
          0,
          0,
          0,
          null,
          0
        ],
        "branches": {
        }
      },
      "/Users/mmargonari/RubymineProjects/rails_6_recorridas/RecorridasZOTPWeb/app/controllers/configuraciones_controller.rb": {
        "lines": [
          0,
          0,
          0,
          null,
          0,
          0,
          null,
          0
        ],
        "branches": {
        }
      },
      "/Users/mmargonari/RubymineProjects/rails_6_recorridas/RecorridasZOTPWeb/app/controllers/departamentos_controller.rb": {
        "lines": [
          0,
          0,
          0,
          null,
          0,
          0,
          null,
          0,
          0,
          0,
          0,
          null,
          0,
          0,
          0,
          null,
          0,
          0,
          null,
          0,
          0,
          null,
          0,
          0,
          0,
          null,
          0,
          0,
          0,
          0,
          0,
          0,
          0,
          0,
          0,
          0,
          0,
          0,
          0,
          null,
          0,
          0,
          0,
          0,
          0,
          0,
          0,
          0,
          0,
          0,
          0,
          0,
          null,
          0,
          0,
          0,
          0,
          0,
          0,
          0,
          null,
          0,
          null,
          0,
          0,
          0,
          0,
          0,
          null,
          null,
          0,
          null,
          0,
          0,
          0,
          null,
          null,
          0,
          0,
          0,
          0
        ],
        "branches": {
        }
      },
      "/Users/mmargonari/RubymineProjects/rails_6_recorridas/RecorridasZOTPWeb/app/controllers/informes_controller.rb": {
        "lines": [
          0,
          null,
          0,
          null,
          0,
          0,
          null,
          0,
          0,
          0,
          0,
          0,
          0,
          0,
          0,
          0,
          0,
          0,
          0,
          0,
          0,
          0,
          null,
          0,
          0,
          0,
          0,
          0,
          0,
          null,
          0,
          0,
          0,
          0,
          0,
          0,
          0,
          0,
          0,
          0,
          0,
          0,
          0,
          0,
          0,
          0,
          null,
          0,
          0,
          0,
          0,
          0,
          0,
          0,
          null,
          0,
          0,
          0,
          0,
          0,
          0,
          0,
          0,
          0,
          0,
          0,
          0,
          0,
          0,
          0,
          0,
          null,
          0,
          0,
          0,
          0,
          0,
          0,
          null,
          0,
          0,
          0,
          0,
          0,
          0,
          0,
          0,
          0,
          0,
          0,
          0,
          0,
          0,
          0,
          null,
          0,
          0,
          0,
          0,
          0,
          0,
          null,
          0
        ],
        "branches": {
        }
      },
      "/Users/mmargonari/RubymineProjects/rails_6_recorridas/RecorridasZOTPWeb/app/controllers/users_controller.rb": {
        "lines": [
          0,
          0,
          0,
          null,
          0,
          0,
          0,
          0,
          0,
          0,
          0,
          0,
          0,
          0,
          null,
          null,
          0,
          0,
          0,
          0,
          0,
          null,
          null,
          0,
          0,
          null,
          0,
          0,
          0,
          0,
          0,
          0,
          0,
          0,
          0,
          0,
          0,
          0,
          null,
          0,
          0,
          0,
          0,
          0,
          0,
          0,
          null,
          0,
          null,
          0,
          0,
          0,
          null,
          null,
          0,
          0,
          0,
          0,
          0,
          0,
          0,
          0,
          0,
          0,
          0,
          0,
          0,
          null,
          0,
          0,
          0,
          0,
          0,
          0,
          0,
          0,
          0,
          0,
          0,
          0,
          null,
          0
        ],
        "branches": {
        }
      },
      "/Users/mmargonari/RubymineProjects/rails_6_recorridas/RecorridasZOTPWeb/app/controllers/sessions_controller.rb": {
        "lines": [
          null,
          null,
          null,
          null,
          null
        ],
        "branches": {
        }
      },
      "/Users/mmargonari/RubymineProjects/rails_6_recorridas/RecorridasZOTPWeb/app/controllers/users/sessions_controller.rb": {
        "lines": [
          0,
          null,
          null,
          null,
          null,
          null,
          null,
          null,
          null,
          null,
          null,
          null,
          null,
          null,
          null,
          null,
          null,
          null,
          0,
          null,
          null,
          null,
          null,
          null,
          null,
          null,
          0,
          null,
          0,
          0,
          0
        ],
        "branches": {
        }
      },
      "/Users/mmargonari/RubymineProjects/rails_6_recorridas/RecorridasZOTPWeb/app/controllers/users/registrations_controller.rb": {
        "lines": [
          0,
          0,
          0,
          null,
          null,
          null,
          null,
          null,
          null,
          null,
          0,
          0,
          0,
          0,
          0,
          0,
          null,
          0,
          0,
          0,
          0,
          0,
          0,
          null,
          null,
          null,
          null,
          null,
          null,
          null,
          null,
          null,
          null,
          null,
          null,
          null,
          null,
          null,
          null,
          null,
          null,
          null,
          null,
          null,
          null,
          null,
          null,
          null,
          0,
          null,
          null,
          0,
          0,
          0,
          null,
          null,
          0,
          0,
          0,
          null,
          null,
          0,
          null,
          0,
          0,
          null,
          null,
          0,
          null,
          0,
          0,
          0
        ],
        "branches": {
        }
      },
      "/Users/mmargonari/RubymineProjects/rails_6_recorridas/RecorridasZOTPWeb/app/controllers/api/visits_controller.rb": {
        "lines": [
          0,
          0,
          0,
          null,
          0,
          0,
          0,
          0,
          null,
          0,
          0,
          0,
          0,
          null,
          0,
          0,
          0,
          0,
          null,
          0
        ],
        "branches": {
        }
      },
      "/Users/mmargonari/RubymineProjects/rails_6_recorridas/RecorridasZOTPWeb/app/controllers/api/people_controller.rb": {
        "lines": [
          0,
          0,
          0,
          null,
          0,
          0,
          0,
          0,
          null,
          0,
          0,
          0,
          0,
          null,
          0,
          0,
          0,
          0,
          null,
          0,
          0,
          0,
          0,
          null,
          0
        ],
        "branches": {
        }
      },
      "/Users/mmargonari/RubymineProjects/rails_6_recorridas/RecorridasZOTPWeb/app/controllers/api/api_controller.rb": {
        "lines": [
          0,
          null,
          null,
          0,
          null,
          0,
          null,
          null,
          0,
          0,
          0,
          0,
          0,
          0,
          0,
          null,
          0
        ],
        "branches": {
        }
      },
      "/Users/mmargonari/RubymineProjects/rails_6_recorridas/RecorridasZOTPWeb/app/controllers/api/areas_controller.rb": {
        "lines": [
          0,
          0,
          0,
          null,
          0,
          0,
          0,
          0,
          null,
          0,
          0,
          0,
          0,
          null,
          0
        ],
        "branches": {
        }
      },
      "/Users/mmargonari/RubymineProjects/rails_6_recorridas/RecorridasZOTPWeb/app/controllers/api/pedidos_controller.rb": {
        "lines": [
          0,
          0,
          0,
          null,
          0,
          0,
          0,
          0,
          null,
          0,
          0,
          0,
          0,
          null,
          0
        ],
        "branches": {
        }
      },
      "/Users/mmargonari/RubymineProjects/rails_6_recorridas/RecorridasZOTPWeb/app/controllers/api/zones_controller.rb": {
        "lines": [
          0,
          0,
          0,
          null,
          0,
          0,
          0,
          0,
          null,
          0,
          0,
          0,
          0,
          null,
          0
        ],
        "branches": {
        }
      },
      "/Users/mmargonari/RubymineProjects/rails_6_recorridas/RecorridasZOTPWeb/app/controllers/areas_controller.rb": {
        "lines": [
          0,
          0,
          0,
          0,
          null,
          null,
          null,
          0,
          0,
          0,
          0,
          0,
          0,
          0,
          null,
          null,
          null,
          null,
          null,
          0,
          null,
          null,
          0,
          0,
          0,
          0,
          0,
          null,
          null,
          null,
          0,
          0,
          null,
          null,
          0,
          0,
          0,
          null,
          null,
          0,
          0,
          null,
          null,
          null,
          0,
          0,
          0,
          null,
          0,
          0,
          0,
          0,
          0,
          0,
          0,
          0,
          0,
          0,
          0,
          0,
          0,
          null,
          null,
          null,
          0,
          0,
          0,
          0,
          0,
          0,
          0,
          0,
          0,
          0,
          0,
          0,
          null,
          null,
          null,
          0,
          0,
          0,
          0,
          0,
          0,
          0,
          null,
          0,
          null,
          0,
          0,
          0,
          null,
          null,
          0,
          0,
          0,
          0
        ],
        "branches": {
        }
      },
      "/Users/mmargonari/RubymineProjects/rails_6_recorridas/RecorridasZOTPWeb/app/controllers/notificaciones_controller.rb": {
        "lines": [
          0,
          0,
          0,
          0,
          null,
          0,
          0,
          0,
          0,
          0,
          0,
          0,
          null,
          null,
          null,
          null,
          null,
          0,
          null,
          null,
          0,
          0,
          0,
          0,
          0,
          null,
          null,
          0,
          0,
          0,
          0,
          0,
          0,
          0,
          0,
          0,
          0,
          0,
          null,
          null,
          0,
          0,
          0,
          null,
          null,
          null,
          0,
          0,
          0,
          0,
          0,
          0,
          0,
          0,
          0,
          0,
          0,
          0,
          0,
          0,
          0,
          0,
          0,
          0,
          0,
          null,
          null,
          null,
          0,
          0,
          0,
          0,
          0,
          0,
          0,
          0,
          0,
          0,
          0,
          0,
          0,
          0,
          0,
          0,
          0,
          0,
          0,
          0,
          0,
          0,
          0,
          0,
          0,
          0,
          0,
          0,
          0,
          null,
          null,
          null,
          0,
          0,
          0,
          0,
          0,
          0,
          0,
          null,
          0,
          null,
          0,
          0,
          0,
          null,
          null,
          0,
          0,
          0,
          0,
          0,
          0,
          0,
          0,
          0,
          0,
          0,
          0,
          0,
          0,
          0
        ],
        "branches": {
        }
      },
      "/Users/mmargonari/RubymineProjects/rails_6_recorridas/RecorridasZOTPWeb/app/controllers/instituciones_controller.rb": {
        "lines": [
          0,
          0,
          0,
          0,
          0,
          0,
          null,
          0,
          0,
          0,
          0,
          0,
          null,
          0,
          0,
          0,
          null,
          null,
          null,
          null,
          null,
          0,
          null,
          null,
          0,
          0,
          0,
          0,
          0,
          null,
          null,
          null,
          0,
          0,
          null,
          null,
          0,
          0,
          0,
          null,
          null,
          0,
          0,
          null,
          null,
          null,
          0,
          0,
          0,
          null,
          0,
          0,
          0,
          0,
          0,
          0,
          0,
          0,
          0,
          0,
          0,
          0,
          0,
          null,
          null,
          null,
          0,
          0,
          0,
          0,
          0,
          0,
          0,
          0,
          0,
          0,
          0,
          0,
          null,
          null,
          null,
          0,
          0,
          0,
          0,
          0,
          0,
          0,
          null,
          0,
          null,
          0,
          0,
          0,
          null,
          null,
          0,
          0,
          0,
          0
        ],
        "branches": {
        }
      },
      "/Users/mmargonari/RubymineProjects/rails_6_recorridas/RecorridasZOTPWeb/app/controllers/pedidos_controller.rb": {
        "lines": [
          0,
          0,
          0,
          0,
          0,
          0,
          null,
          0,
          0,
          0,
          0,
          0,
          0,
          0,
          0,
          0,
          0,
          0,
          null,
          null,
          null,
          null,
          null,
          0,
          0,
          0,
          0,
          0,
          null,
          null,
          0,
          0,
          0,
          0,
          0,
          0,
          null,
          0,
          0,
          0,
          0,
          null,
          0,
          0,
          null,
          0,
          0,
          0,
          null,
          0,
          0,
          0,
          0,
          0,
          0,
          0,
          0,
          0,
          0,
          0,
          0,
          0,
          null,
          0,
          0,
          0,
          0,
          0,
          0,
          0,
          0,
          0,
          0,
          0,
          0,
          0,
          0,
          0,
          null,
          0,
          0,
          0,
          0,
          0,
          0,
          0,
          null,
          0,
          null,
          0,
          0,
          0,
          null,
          null,
          0,
          0,
          0,
          0
        ],
        "branches": {
        }
      },
      "/Users/mmargonari/RubymineProjects/rails_6_recorridas/RecorridasZOTPWeb/app/controllers/zones_controller.rb": {
        "lines": [
          0,
          0,
          0,
          0,
          null,
          null,
          null,
          0,
          0,
          0,
          0,
          0,
          0,
          0,
          0,
          0,
          null,
          null,
          null,
          null,
          null,
          0,
          null,
          null,
          0,
          0,
          0,
          0,
          0,
          null,
          null,
          null,
          0,
          0,
          null,
          null,
          0,
          0,
          0,
          null,
          null,
          0,
          0,
          null,
          null,
          null,
          0,
          0,
          0,
          null,
          0,
          0,
          0,
          0,
          0,
          0,
          0,
          0,
          0,
          0,
          0,
          0,
          0,
          null,
          null,
          null,
          0,
          0,
          0,
          0,
          0,
          0,
          0,
          0,
          0,
          0,
          0,
          0,
          null,
          null,
          null,
          0,
          0,
          0,
          0,
          0,
          0,
          0,
          null,
          0,
          null,
          0,
          0,
          0,
          null,
          null,
          0,
          0,
          0,
          0
        ],
        "branches": {
        }
      }
    },
    "timestamp": 1607896947
  }
}
